This file contains any messages produced by compilers while
running configure, to aid debugging if configure makes a mistake.

It was created by configure, which was
generated by GNU Autoconf 2.63.  Invocation command line was

  $ /home/hadoop/avatar-hadoop/src/native/configure 

## --------- ##
## Platform. ##
## --------- ##

hostname = centos-primaster
uname -m = x86_64
uname -r = 2.6.32-71.el6.x86_64
uname -s = Linux
uname -v = #1 SMP Fri May 20 03:51:51 BST 2011

/usr/bin/uname -p = unknown
/bin/uname -X     = unknown

/bin/arch              = x86_64
/usr/bin/arch -k       = unknown
/usr/convex/getsysinfo = unknown
/usr/bin/hostinfo      = unknown
/bin/machine           = unknown
/usr/bin/oslevel       = unknown
/bin/universe          = unknown

PATH: /usr/lib64/qt-3.3/bin
PATH: /usr/NX/bin
PATH: /usr/local/bin
PATH: /usr/bin
PATH: /bin
PATH: /usr/local/sbin
PATH: /usr/sbin
PATH: /sbin
PATH: /sbin
PATH: /usr/java/jdk1.6.0_26/bin
PATH: /usr/local/maven-3.0.3/bin
PATH: /home/hadoop/bin
PATH: /usr/local/maven-3.0.3/bin


## ----------- ##
## Core tests. ##
## ----------- ##

configure:2072: checking for a BSD-compatible install
configure:2140: result: /usr/bin/install -c
configure:2151: checking whether build environment is sane
configure:2194: result: yes
configure:2256: checking for gawk
configure:2272: found /usr/bin/gawk
configure:2283: result: gawk
configure:2294: checking whether make sets $(MAKE)
configure:2316: result: yes
configure:2546: checking for gcc
configure:2562: found /usr/bin/gcc
configure:2573: result: gcc
configure:2805: checking for C compiler version
configure:2813: gcc --version >&5
gcc (GCC) 4.4.4 20100726 (Red Hat 4.4.4-13)
Copyright (C) 2010 Free Software Foundation, Inc.
This is free software; see the source for copying conditions.  There is NO
warranty; not even for MERCHANTABILITY or FITNESS FOR A PARTICULAR PURPOSE.

configure:2817: $? = 0
configure:2824: gcc -v >&5
Using built-in specs.
Target: x86_64-redhat-linux
Configured with: ../configure --prefix=/usr --mandir=/usr/share/man --infodir=/usr/share/info --with-bugurl=http://bugzilla.redhat.com/bugzilla --enable-bootstrap --enable-shared --enable-threads=posix --enable-checking=release --with-system-zlib --enable-__cxa_atexit --disable-libunwind-exceptions --enable-gnu-unique-object --enable-languages=c,c++,objc,obj-c++,java,fortran,ada --enable-java-awt=gtk --disable-dssi --with-java-home=/usr/lib/jvm/java-1.5.0-gcj-1.5.0.0/jre --enable-libgcj-multifile --enable-java-maintainer-mode --with-ecj-jar=/usr/share/java/eclipse-ecj.jar --disable-libjava-multilib --with-ppl --with-cloog --with-tune=generic --with-arch_32=i686 --build=x86_64-redhat-linux
Thread model: posix
gcc version 4.4.4 20100726 (Red Hat 4.4.4-13) (GCC) 
configure:2828: $? = 0
configure:2835: gcc -V >&5
gcc: '-V' option must have argument
configure:2839: $? = 1
configure:2862: checking for C compiler default output file name
configure:2884: gcc    conftest.c  >&5
configure:2888: $? = 0
configure:2926: result: a.out
configure:2945: checking whether the C compiler works
configure:2955: ./a.out
configure:2959: $? = 0
configure:2978: result: yes
configure:2985: checking whether we are cross compiling
configure:2987: result: no
configure:2990: checking for suffix of executables
configure:2997: gcc -o conftest    conftest.c  >&5
configure:3001: $? = 0
configure:3027: result: 
configure:3033: checking for suffix of object files
configure:3059: gcc -c   conftest.c >&5
configure:3063: $? = 0
configure:3088: result: o
configure:3092: checking whether we are using the GNU C compiler
configure:3121: gcc -c   conftest.c >&5
configure:3128: $? = 0
configure:3145: result: yes
configure:3154: checking whether gcc accepts -g
configure:3184: gcc -c -g  conftest.c >&5
configure:3191: $? = 0
configure:3292: result: yes
configure:3309: checking for gcc option to accept ISO C89
configure:3383: gcc  -c -g -O2  conftest.c >&5
configure:3390: $? = 0
configure:3413: result: none needed
configure:3442: checking for style of include used by make
configure:3470: result: GNU
configure:3498: checking dependency style of gcc
configure:3588: result: gcc3
configure:3683: checking build system type
configure:3701: result: x86_64-unknown-linux-gnu
configure:3723: checking host system type
configure:3738: result: x86_64-unknown-linux-gnu
configure:3760: checking for a sed that does not truncate output
configure:3814: result: /bin/sed
configure:3817: checking for grep that handles long lines and -e
configure:3877: result: /bin/grep
configure:3882: checking for egrep
configure:3946: result: /bin/grep -E
configure:3962: checking for ld used by gcc
configure:4029: result: /usr/bin/ld
configure:4038: checking if the linker (/usr/bin/ld) is GNU ld
configure:4053: result: yes
configure:4058: checking for /usr/bin/ld option to reload object files
configure:4065: result: -r
configure:4074: checking for BSD-compatible nm
configure:4116: result: /usr/bin/nm -B
configure:4120: checking whether ln -s works
configure:4124: result: yes
configure:4131: checking how to recognise dependent libraries
configure:4314: result: pass_all
configure:4399: gcc -c -g -O2  conftest.c >&5
configure:4402: $? = 0
configure:4529: checking how to run the C preprocessor
configure:4569: gcc -E  conftest.c
configure:4576: $? = 0
configure:4607: gcc -E  conftest.c
conftest.c:10:28: error: ac_nonexistent.h: No such file or directory
configure:4614: $? = 1
configure: failed program was:
| /* confdefs.h.  */
| #define PACKAGE_NAME ""
| #define PACKAGE_TARNAME ""
| #define PACKAGE_VERSION ""
| #define PACKAGE_STRING ""
| #define PACKAGE_BUGREPORT ""
| #define PACKAGE "hadoop"
| #define VERSION "1.0.0"
| /* end confdefs.h.  */
| #include <ac_nonexistent.h>
configure:4647: result: gcc -E
configure:4676: gcc -E  conftest.c
configure:4683: $? = 0
configure:4714: gcc -E  conftest.c
conftest.c:10:28: error: ac_nonexistent.h: No such file or directory
configure:4721: $? = 1
configure: failed program was:
| /* confdefs.h.  */
| #define PACKAGE_NAME ""
| #define PACKAGE_TARNAME ""
| #define PACKAGE_VERSION ""
| #define PACKAGE_STRING ""
| #define PACKAGE_BUGREPORT ""
| #define PACKAGE "hadoop"
| #define VERSION "1.0.0"
| /* end confdefs.h.  */
| #include <ac_nonexistent.h>
configure:4761: checking for ANSI C header files
configure:4791: gcc -c -g -O2  conftest.c >&5
configure:4798: $? = 0
configure:4897: gcc -o conftest -g -O2   conftest.c  >&5
configure:4901: $? = 0
configure:4907: ./conftest
configure:4911: $? = 0
configure:4929: result: yes
configure:4953: checking for sys/types.h
configure:4974: gcc -c -g -O2  conftest.c >&5
configure:4981: $? = 0
configure:4998: result: yes
configure:4953: checking for sys/stat.h
configure:4974: gcc -c -g -O2  conftest.c >&5
configure:4981: $? = 0
configure:4998: result: yes
configure:4953: checking for stdlib.h
configure:4974: gcc -c -g -O2  conftest.c >&5
configure:4981: $? = 0
configure:4998: result: yes
configure:4953: checking for string.h
configure:4974: gcc -c -g -O2  conftest.c >&5
configure:4981: $? = 0
configure:4998: result: yes
configure:4953: checking for memory.h
configure:4974: gcc -c -g -O2  conftest.c >&5
configure:4981: $? = 0
configure:4998: result: yes
configure:4953: checking for strings.h
configure:4974: gcc -c -g -O2  conftest.c >&5
configure:4981: $? = 0
configure:4998: result: yes
configure:4953: checking for inttypes.h
configure:4974: gcc -c -g -O2  conftest.c >&5
configure:4981: $? = 0
configure:4998: result: yes
configure:4953: checking for stdint.h
configure:4974: gcc -c -g -O2  conftest.c >&5
configure:4981: $? = 0
configure:4998: result: yes
configure:4953: checking for unistd.h
configure:4974: gcc -c -g -O2  conftest.c >&5
configure:4981: $? = 0
configure:4998: result: yes
configure:5028: checking dlfcn.h usability
configure:5045: gcc -c -g -O2  conftest.c >&5
configure:5052: $? = 0
configure:5066: result: yes
configure:5070: checking dlfcn.h presence
configure:5085: gcc -E  conftest.c
configure:5092: $? = 0
configure:5106: result: yes
configure:5134: checking for dlfcn.h
configure:5143: result: yes
configure:5216: checking for g++
configure:5232: found /usr/bin/g++
configure:5243: result: g++
configure:5270: checking for C++ compiler version
configure:5278: g++ --version >&5
g++ (GCC) 4.4.4 20100726 (Red Hat 4.4.4-13)
Copyright (C) 2010 Free Software Foundation, Inc.
This is free software; see the source for copying conditions.  There is NO
warranty; not even for MERCHANTABILITY or FITNESS FOR A PARTICULAR PURPOSE.

configure:5282: $? = 0
configure:5289: g++ -v >&5
Using built-in specs.
Target: x86_64-redhat-linux
Configured with: ../configure --prefix=/usr --mandir=/usr/share/man --infodir=/usr/share/info --with-bugurl=http://bugzilla.redhat.com/bugzilla --enable-bootstrap --enable-shared --enable-threads=posix --enable-checking=release --with-system-zlib --enable-__cxa_atexit --disable-libunwind-exceptions --enable-gnu-unique-object --enable-languages=c,c++,objc,obj-c++,java,fortran,ada --enable-java-awt=gtk --disable-dssi --with-java-home=/usr/lib/jvm/java-1.5.0-gcj-1.5.0.0/jre --enable-libgcj-multifile --enable-java-maintainer-mode --with-ecj-jar=/usr/share/java/eclipse-ecj.jar --disable-libjava-multilib --with-ppl --with-cloog --with-tune=generic --with-arch_32=i686 --build=x86_64-redhat-linux
Thread model: posix
gcc version 4.4.4 20100726 (Red Hat 4.4.4-13) (GCC) 
configure:5293: $? = 0
configure:5300: g++ -V >&5
g++: '-V' option must have argument
configure:5304: $? = 1
configure:5307: checking whether we are using the GNU C++ compiler
configure:5336: g++ -c   conftest.cpp >&5
configure:5343: $? = 0
configure:5360: result: yes
configure:5369: checking whether g++ accepts -g
configure:5399: g++ -c -g  conftest.cpp >&5
configure:5406: $? = 0
configure:5507: result: yes
configure:5532: checking dependency style of g++
configure:5622: result: gcc3
configure:5644: checking how to run the C++ preprocessor
configure:5680: g++ -E  conftest.cpp
configure:5687: $? = 0
configure:5718: g++ -E  conftest.cpp
conftest.cpp:21:28: error: ac_nonexistent.h: No such file or directory
configure:5725: $? = 1
configure: failed program was:
| /* confdefs.h.  */
| #define PACKAGE_NAME ""
| #define PACKAGE_TARNAME ""
| #define PACKAGE_VERSION ""
| #define PACKAGE_STRING ""
| #define PACKAGE_BUGREPORT ""
| #define PACKAGE "hadoop"
| #define VERSION "1.0.0"
| #define STDC_HEADERS 1
| #define HAVE_SYS_TYPES_H 1
| #define HAVE_SYS_STAT_H 1
| #define HAVE_STDLIB_H 1
| #define HAVE_STRING_H 1
| #define HAVE_MEMORY_H 1
| #define HAVE_STRINGS_H 1
| #define HAVE_INTTYPES_H 1
| #define HAVE_STDINT_H 1
| #define HAVE_UNISTD_H 1
| #define HAVE_DLFCN_H 1
| /* end confdefs.h.  */
| #include <ac_nonexistent.h>
configure:5758: result: g++ -E
configure:5787: g++ -E  conftest.cpp
configure:5794: $? = 0
configure:5825: g++ -E  conftest.cpp
conftest.cpp:21:28: error: ac_nonexistent.h: No such file or directory
configure:5832: $? = 1
configure: failed program was:
| /* confdefs.h.  */
| #define PACKAGE_NAME ""
| #define PACKAGE_TARNAME ""
| #define PACKAGE_VERSION ""
| #define PACKAGE_STRING ""
| #define PACKAGE_BUGREPORT ""
| #define PACKAGE "hadoop"
| #define VERSION "1.0.0"
| #define STDC_HEADERS 1
| #define HAVE_SYS_TYPES_H 1
| #define HAVE_SYS_STAT_H 1
| #define HAVE_STDLIB_H 1
| #define HAVE_STRING_H 1
| #define HAVE_MEMORY_H 1
| #define HAVE_STRINGS_H 1
| #define HAVE_INTTYPES_H 1
| #define HAVE_STDINT_H 1
| #define HAVE_UNISTD_H 1
| #define HAVE_DLFCN_H 1
| /* end confdefs.h.  */
| #include <ac_nonexistent.h>
configure:5925: checking for g77
configure:5955: result: no
configure:5925: checking for xlf
configure:5955: result: no
configure:5925: checking for f77
configure:5955: result: no
configure:5925: checking for frt
configure:5955: result: no
configure:5925: checking for pgf77
configure:5955: result: no
configure:5925: checking for cf77
configure:5955: result: no
configure:5925: checking for fort77
configure:5955: result: no
configure:5925: checking for fl32
configure:5955: result: no
configure:5925: checking for af77
configure:5955: result: no
configure:5925: checking for xlf90
configure:5955: result: no
configure:5925: checking for f90
configure:5955: result: no
configure:5925: checking for pgf90
configure:5955: result: no
configure:5925: checking for pghpf
configure:5955: result: no
configure:5925: checking for epcf90
configure:5955: result: no
configure:5925: checking for gfortran
configure:5941: found /usr/bin/gfortran
configure:5952: result: gfortran
configure:5978: checking for Fortran 77 compiler version
configure:5986: gfortran --version >&5
GNU Fortran (GCC) 4.4.4 20100726 (Red Hat 4.4.4-13)
Copyright (C) 2010 Free Software Foundation, Inc.

GNU Fortran comes with NO WARRANTY, to the extent permitted by law.
You may redistribute copies of GNU Fortran
under the terms of the GNU General Public License.
For more information about these matters, see the file named COPYING

configure:5990: $? = 0
configure:5997: gfortran -v >&5
Using built-in specs.
Target: x86_64-redhat-linux
Configured with: ../configure --prefix=/usr --mandir=/usr/share/man --infodir=/usr/share/info --with-bugurl=http://bugzilla.redhat.com/bugzilla --enable-bootstrap --enable-shared --enable-threads=posix --enable-checking=release --with-system-zlib --enable-__cxa_atexit --disable-libunwind-exceptions --enable-gnu-unique-object --enable-languages=c,c++,objc,obj-c++,java,fortran,ada --enable-java-awt=gtk --disable-dssi --with-java-home=/usr/lib/jvm/java-1.5.0-gcj-1.5.0.0/jre --enable-libgcj-multifile --enable-java-maintainer-mode --with-ecj-jar=/usr/share/java/eclipse-ecj.jar --disable-libjava-multilib --with-ppl --with-cloog --with-tune=generic --with-arch_32=i686 --build=x86_64-redhat-linux
Thread model: posix
gcc version 4.4.4 20100726 (Red Hat 4.4.4-13) (GCC) 
configure:6001: $? = 0
configure:6008: gfortran -V >&5
gfortran: '-V' option must have argument
configure:6012: $? = 1
configure:6020: checking whether we are using the GNU Fortran 77 compiler
configure:6039: gfortran -c  conftest.F >&5
configure:6046: $? = 0
configure:6063: result: yes
configure:6069: checking whether gfortran accepts -g
configure:6086: gfortran -c -g conftest.f >&5
configure:6093: $? = 0
configure:6109: result: yes
configure:6143: checking the maximum length of command line arguments
configure:6208: result: 
configure:6219: checking command to parse /usr/bin/nm -B output from gcc object
configure:6308: gcc -c -g -O2  conftest.c >&5
configure:6311: $? = 0
configure:6315: /usr/bin/nm -B conftest.o \| sed -n -e 's/^.*[ 	]\([ABCDGIRSTW][ABCDGIRSTW]*\)[ 	][ 	]*\(\)\([_A-Za-z][_A-Za-z0-9]*\)$/\1 \2\3 \3/p' \> conftest.nm
configure:6318: $? = 0
configure:6370: gcc -o conftest -g -O2   conftest.c conftstm.o >&5
configure:6373: $? = 0
configure:6411: result: ok
configure:6415: checking for objdir
configure:6430: result: .libs
configure:6522: checking for ar
configure:6538: found /usr/bin/ar
configure:6549: result: ar
configure:6614: checking for ranlib
configure:6630: found /usr/bin/ranlib
configure:6641: result: ranlib
configure:6706: checking for strip
configure:6722: found /usr/bin/strip
configure:6733: result: strip
configure:7005: checking if gcc static flag  works
configure:7028: result: yes
configure:7046: checking if gcc supports -fno-rtti -fno-exceptions
configure:7064: gcc -c -g -O2  -fno-rtti -fno-exceptions conftest.c >&5
cc1: warning: command line option "-fno-rtti" is valid for C++/ObjC++ but not for C
configure:7068: $? = 0
configure:7079: result: no
configure:7094: checking for gcc option to produce PIC
configure:7271: result: -fPIC
configure:7279: checking if gcc PIC flag -fPIC works
configure:7297: gcc -c -g -O2  -fPIC -DPIC conftest.c >&5
configure:7301: $? = 0
configure:7312: result: yes
configure:7336: checking if gcc supports -c -o file.o
configure:7357: gcc -c -g -O2  -o out/conftest2.o conftest.c >&5
configure:7361: $? = 0
configure:7381: result: yes
configure:7407: checking whether the gcc linker (/usr/bin/ld -m elf_x86_64) supports shared libraries
configure:8259: result: yes
configure:8285: checking whether -lc should be explicitly linked in
configure:8290: gcc -c -g -O2  conftest.c >&5
configure:8293: $? = 0
configure:8307: gcc -shared conftest.o  -v -Wl,-soname -Wl,conftest -o conftest 2\>\&1 \| grep  -lc  \>/dev/null 2\>\&1
configure:8310: $? = 0
configure:8322: result: no
configure:8330: checking dynamic linker characteristics
configure:8696: gcc -c -g -O2  conftest.c >&5
configure:8699: $? = 0
configure:8891: result: GNU/Linux ld.so
configure:8895: checking how to hardcode library paths into programs
configure:8920: result: immediate
configure:8934: checking whether stripping libraries is possible
configure:8939: result: yes
configure:9764: checking if libtool supports shared libraries
configure:9766: result: yes
configure:9769: checking whether to build shared libraries
configure:9827: result: yes
configure:9830: checking whether to build static libraries
configure:9834: result: yes
configure:9926: creating libtool
configure:10473: checking for ld used by g++
configure:10540: result: /usr/bin/ld -m elf_x86_64
configure:10549: checking if the linker (/usr/bin/ld -m elf_x86_64) is GNU ld
configure:10564: result: yes
configure:10615: checking whether the g++ linker (/usr/bin/ld -m elf_x86_64) supports shared libraries
configure:11447: result: yes
configure:11465: g++ -c -g -O2  conftest.cc >&5
configure:11468: $? = 0
configure:11564: checking for g++ option to produce PIC
configure:11816: result: -fPIC
configure:11824: checking if g++ PIC flag -fPIC works
configure:11842: g++ -c -g -O2  -fPIC -DPIC conftest.cc >&5
configure:11846: $? = 0
configure:11857: result: yes
configure:11881: checking if g++ supports -c -o file.o
configure:11902: g++ -c -g -O2  -o out/conftest2.o conftest.cc >&5
configure:11906: $? = 0
configure:11926: result: yes
configure:11952: checking whether the g++ linker (/usr/bin/ld -m elf_x86_64) supports shared libraries
configure:11977: result: yes
configure:12048: checking dynamic linker characteristics
configure:12414: g++ -c -g -O2  conftest.cc >&5
configure:12417: $? = 0
configure:12609: result: GNU/Linux ld.so
configure:12613: checking how to hardcode library paths into programs
configure:12638: result: immediate
configure:12652: checking whether stripping libraries is possible
configure:12657: result: yes
configure:13959: checking if libtool supports shared libraries
configure:13961: result: yes
configure:13964: checking whether to build shared libraries
configure:13982: result: yes
configure:13985: checking whether to build static libraries
configure:13989: result: yes
configure:14001: checking for gfortran option to produce PIC
configure:14178: result: -fPIC
configure:14186: checking if gfortran PIC flag -fPIC works
configure:14204: gfortran -c -g -O2 -fPIC conftest.f >&5
configure:14208: $? = 0
configure:14219: result: yes
configure:14243: checking if gfortran supports -c -o file.o
configure:14264: gfortran -c -g -O2 -o out/conftest2.o conftest.f >&5
configure:14268: $? = 0
configure:14288: result: yes
configure:14314: checking whether the gfortran linker (/usr/bin/ld -m elf_x86_64) supports shared libraries
configure:15146: result: yes
configure:15217: checking dynamic linker characteristics
configure:15583: gfortran -c -g -O2 conftest.f >&5
Warning: conftest.f:1: Illegal preprocessor directive
configure:15586: $? = 0
configure:15778: result: GNU/Linux ld.so
configure:15782: checking how to hardcode library paths into programs
configure:15807: result: immediate
configure:15821: checking whether stripping libraries is possible
configure:15826: result: yes
configure:19933: checking for dlopen in -ldl
configure:19968: gcc -o conftest -g -O2   conftest.c -ldl   >&5
configure:19975: $? = 0
configure:19996: result: yes
configure:20016: checking for JNI_GetCreatedJavaVMs in -ljvm
configure:20051: gcc -o conftest -g -O2   -L/usr/java/jdk1.6.0_26/jre/lib/amd64/server conftest.c -ljvm  -ldl  >&5
configure:20058: $? = 0
configure:20079: result: yes
configure:20094: checking for ANSI C header files
configure:20262: result: yes
configure:20290: checking stdio.h usability
configure:20307: gcc -c -g -O2  conftest.c >&5
configure:20314: $? = 0
configure:20328: result: yes
configure:20332: checking stdio.h presence
configure:20347: gcc -E  conftest.c
configure:20354: $? = 0
configure:20368: result: yes
configure:20396: checking for stdio.h
configure:20405: result: yes
configure:20290: checking stddef.h usability
configure:20307: gcc -c -g -O2  conftest.c >&5
configure:20314: $? = 0
configure:20328: result: yes
configure:20332: checking stddef.h presence
configure:20347: gcc -E  conftest.c
configure:20354: $? = 0
configure:20368: result: yes
configure:20396: checking for stddef.h
configure:20405: result: yes
configure:20451: checking jni.h usability
configure:20468: gcc -c -g -O2   -I/usr/java/jdk1.6.0_26/include -I/usr/java/jdk1.6.0_26/include/linux conftest.c >&5
configure:20475: $? = 0
configure:20489: result: yes
configure:20493: checking jni.h presence
configure:20508: gcc -E   -I/usr/java/jdk1.6.0_26/include -I/usr/java/jdk1.6.0_26/include/linux conftest.c
configure:20515: $? = 0
configure:20529: result: yes
configure:20557: checking for jni.h
configure:20566: result: yes
configure:20605: checking zlib.h usability
configure:20622: gcc -c -g -O2  conftest.c >&5
configure:20629: $? = 0
configure:20643: result: yes
configure:20647: checking zlib.h presence
configure:20662: gcc -E  conftest.c
configure:20669: $? = 0
configure:20683: result: yes
configure:20711: checking for zlib.h
configure:20720: result: yes
configure:20731: checking Checking for the 'actual' dynamic-library for '-lz'
configure:20755: result: "libz.so.1"
configure:20605: checking zconf.h usability
configure:20622: gcc -c -g -O2  conftest.c >&5
configure:20629: $? = 0
configure:20643: result: yes
configure:20647: checking zconf.h presence
configure:20662: gcc -E  conftest.c
configure:20669: $? = 0
configure:20683: result: yes
configure:20711: checking for zconf.h
configure:20720: result: yes
configure:20731: checking Checking for the 'actual' dynamic-library for '-lz'
configure:20755: result: "libz.so.1"
configure:20773: checking for an ANSI C-conforming const
configure:20848: gcc -c -g -O2  conftest.c >&5
configure:20855: $? = 0
configure:20870: result: yes
configure:20886: checking for memset
configure:20942: gcc -o conftest -g -O2   conftest.c -ljvm -ldl  >&5
conftest.c:54: warning: conflicting types for built-in function 'memset'
/usr/bin/ld: cannot find -ljvm
collect2: ld returned 1 exit status
configure:20949: $? = 1
configure: failed program was:
| /* confdefs.h.  */
| #define PACKAGE_NAME ""
| #define PACKAGE_TARNAME ""
| #define PACKAGE_VERSION ""
| #define PACKAGE_STRING ""
| #define PACKAGE_BUGREPORT ""
| #define PACKAGE "hadoop"
| #define VERSION "1.0.0"
| #define STDC_HEADERS 1
| #define HAVE_SYS_TYPES_H 1
| #define HAVE_SYS_STAT_H 1
| #define HAVE_STDLIB_H 1
| #define HAVE_STRING_H 1
| #define HAVE_MEMORY_H 1
| #define HAVE_STRINGS_H 1
| #define HAVE_INTTYPES_H 1
| #define HAVE_STDINT_H 1
| #define HAVE_UNISTD_H 1
| #define HAVE_DLFCN_H 1
| #define HAVE_LIBDL 1
| #define HAVE_LIBJVM 1
| #define STDC_HEADERS 1
| #define HAVE_STDIO_H 1
| #define HAVE_STDDEF_H 1
| #define HAVE_JNI_H 1
| #define HAVE_ZLIB_H 1
| #define HADOOP_ZLIB_LIBRARY "libz.so.1"
| #define HAVE_ZCONF_H 1
| #define HADOOP_ZLIB_LIBRARY "libz.so.1"
| /* end confdefs.h.  */
| /* Define memset to an innocuous variant, in case <limits.h> declares memset.
|    For example, HP-UX 11i <limits.h> declares gettimeofday.  */
| #define memset innocuous_memset
| 
| /* System header to define __stub macros and hopefully few prototypes,
|     which can conflict with char memset (); below.
|     Prefer <limits.h> to <assert.h> if __STDC__ is defined, since
|     <limits.h> exists even on freestanding compilers.  */
| 
| #ifdef __STDC__
| # include <limits.h>
| #else
| # include <assert.h>
| #endif
| 
| #undef memset
| 
| /* Override any GCC internal prototype to avoid an error.
|    Use char because int might match the return type of a GCC
|    builtin and then its argument prototype would still apply.  */
| #ifdef __cplusplus
| extern "C"
| #endif
| char memset ();
| /* The GNU C library defines this for functions which it implements
|     to always fail with ENOSYS.  Some functions are actually named
|     something starting with __ and the normal name is an alias.  */
| #if defined __stub_memset || defined __stub___memset
| choke me
| #endif
| 
| int
| main ()
| {
| return memset ();
|   ;
|   return 0;
| }
configure:20971: result: no
configure:21109: creating ./config.status

## ---------------------- ##
## Running config.status. ##
## ---------------------- ##

This file was extended by config.status, which was
generated by GNU Autoconf 2.63.  Invocation command line was

  CONFIG_FILES    = 
  CONFIG_HEADERS  = 
  CONFIG_LINKS    = 
  CONFIG_COMMANDS = 
  $ ./config.status 

on centos-primaster

config.status:804: creating Makefile
config.status:951: WARNING:  '/home/hadoop/avatar-hadoop/src/native/Makefile.in' seems to ignore the --datarootdir setting
config.status:804: creating src/org/apache/hadoop/io/compress/zlib/Makefile
config.status:951: WARNING:  '/home/hadoop/avatar-hadoop/src/native/src/org/apache/hadoop/io/compress/zlib/Makefile.in' seems to ignore the --datarootdir setting
config.status:804: creating lib/Makefile
config.status:951: WARNING:  '/home/hadoop/avatar-hadoop/src/native/lib/Makefile.in' seems to ignore the --datarootdir setting
config.status:804: creating config.h
config.status:1064: executing depfiles commands

## ---------------- ##
## Cache variables. ##
## ---------------- ##

ac_cv_build=x86_64-unknown-linux-gnu
ac_cv_c_compiler_gnu=yes
ac_cv_c_const=yes
ac_cv_cxx_compiler_gnu=yes
ac_cv_env_CCC_set=
ac_cv_env_CCC_value=
ac_cv_env_CC_set=
ac_cv_env_CC_value=
ac_cv_env_CFLAGS_set=
ac_cv_env_CFLAGS_value=
ac_cv_env_CPPFLAGS_set=
ac_cv_env_CPPFLAGS_value=
ac_cv_env_CPP_set=
ac_cv_env_CPP_value=
ac_cv_env_CXXCPP_set=
ac_cv_env_CXXCPP_value=
ac_cv_env_CXXFLAGS_set=
ac_cv_env_CXXFLAGS_value=
ac_cv_env_CXX_set=
ac_cv_env_CXX_value=
ac_cv_env_F77_set=
ac_cv_env_F77_value=
ac_cv_env_FFLAGS_set=
ac_cv_env_FFLAGS_value=
ac_cv_env_LDFLAGS_set=
ac_cv_env_LDFLAGS_value=
ac_cv_env_LIBS_set=
ac_cv_env_LIBS_value=
ac_cv_env_build_alias_set=
ac_cv_env_build_alias_value=
ac_cv_env_host_alias_set=
ac_cv_env_host_alias_value=
ac_cv_env_target_alias_set=
ac_cv_env_target_alias_value=
ac_cv_f77_compiler_gnu=yes
ac_cv_func_memset=no
ac_cv_header_dlfcn_h=yes
ac_cv_header_inttypes_h=yes
ac_cv_header_jni_h=yes
ac_cv_header_memory_h=yes
ac_cv_header_stdc=yes
ac_cv_header_stddef_h=yes
ac_cv_header_stdint_h=yes
ac_cv_header_stdio_h=yes
ac_cv_header_stdlib_h=yes
ac_cv_header_string_h=yes
ac_cv_header_strings_h=yes
ac_cv_header_sys_stat_h=yes
ac_cv_header_sys_types_h=yes
ac_cv_header_unistd_h=yes
ac_cv_header_zconf_h=yes
ac_cv_header_zlib_h=yes
ac_cv_host=x86_64-unknown-linux-gnu
ac_cv_lib_dl_dlopen=yes
ac_cv_lib_jvm_JNI_GetCreatedJavaVMs=yes
ac_cv_libname_z='"libz.so.1"'
ac_cv_objext=o
ac_cv_path_EGREP='/bin/grep -E'
ac_cv_path_GREP=/bin/grep
ac_cv_path_install='/usr/bin/install -c'
ac_cv_prog_AWK=gawk
ac_cv_prog_CPP='gcc -E'
ac_cv_prog_CXXCPP='g++ -E'
ac_cv_prog_ac_ct_AR=ar
ac_cv_prog_ac_ct_CC=gcc
ac_cv_prog_ac_ct_CXX=g++
ac_cv_prog_ac_ct_F77=gfortran
ac_cv_prog_ac_ct_RANLIB=ranlib
ac_cv_prog_ac_ct_STRIP=strip
ac_cv_prog_cc_c89=
ac_cv_prog_cc_g=yes
ac_cv_prog_cxx_g=yes
ac_cv_prog_f77_g=yes
ac_cv_prog_make_make_set=yes
am_cv_CC_dependencies_compiler_type=gcc3
am_cv_CXX_dependencies_compiler_type=gcc3
lt_cv_deplibs_check_method=pass_all
lt_cv_file_magic_cmd='$MAGIC_CMD'
lt_cv_file_magic_test_file='/lib/libc.so.6 /lib/libc-2.12.so'
lt_cv_ld_reload_flag=-r
lt_cv_objdir=.libs
lt_cv_path_LD=/usr/bin/ld
lt_cv_path_LDCXX='/usr/bin/ld -m elf_x86_64'
lt_cv_path_NM='/usr/bin/nm -B'
lt_cv_path_SED=/bin/sed
lt_cv_prog_compiler_c_o=yes
lt_cv_prog_compiler_c_o_CXX=yes
lt_cv_prog_compiler_c_o_F77=yes
lt_cv_prog_compiler_rtti_exceptions=no
lt_cv_prog_gnu_ld=yes
lt_cv_prog_gnu_ldcxx=yes
lt_cv_sys_global_symbol_pipe='sed -n -e '\''s/^.*[ 	]\([ABCDGIRSTW][ABCDGIRSTW]*\)[ 	][ 	]*\(\)\([_A-Za-z][_A-Za-z0-9]*\)$/\1 \2\3 \3/p'\'''
lt_cv_sys_global_symbol_to_c_name_address='sed -n -e '\''s/^: \([^ ]*\) $/  {\"\1\", (lt_ptr) 0},/p'\'' -e '\''s/^[BCDEGRST] \([^ ]*\) \([^ ]*\)$/  {"\2", (lt_ptr) \&\2},/p'\'''
lt_cv_sys_global_symbol_to_cdecl='sed -n -e '\''s/^. .* \(.*\)$/extern int \1;/p'\'''
lt_cv_sys_max_cmd_len=
lt_lt_cv_prog_compiler_c_o='"yes"'
lt_lt_cv_prog_compiler_c_o_CXX='"yes"'
lt_lt_cv_prog_compiler_c_o_F77='"yes"'
lt_lt_cv_sys_global_symbol_pipe='"sed -n -e '\''s/^.*[ 	]\\([ABCDGIRSTW][ABCDGIRSTW]*\\)[ 	][ 	]*\\(\\)\\([_A-Za-z][_A-Za-z0-9]*\\)\$/\\1 \\2\\3 \\3/p'\''"'
lt_lt_cv_sys_global_symbol_to_c_name_address='"sed -n -e '\''s/^: \\([^ ]*\\) \$/  {\\\"\\1\\\", (lt_ptr) 0},/p'\'' -e '\''s/^[BCDEGRST] \\([^ ]*\\) \\([^ ]*\\)\$/  {\"\\2\", (lt_ptr) \\&\\2},/p'\''"'
lt_lt_cv_sys_global_symbol_to_cdecl='"sed -n -e '\''s/^. .* \\(.*\\)\$/extern int \\1;/p'\''"'

## ----------------- ##
## Output variables. ##
## ----------------- ##

ACLOCAL='${SHELL} /home/hadoop/avatar-hadoop/src/native/config/missing --run aclocal-1.9'
AMDEPBACKSLASH='\'
AMDEP_FALSE='#'
AMDEP_TRUE=''
AMTAR='${SHELL} /home/hadoop/avatar-hadoop/src/native/config/missing --run tar'
AR='ar'
AUTOCONF='${SHELL} /home/hadoop/avatar-hadoop/src/native/config/missing --run autoconf'
AUTOHEADER='${SHELL} /home/hadoop/avatar-hadoop/src/native/config/missing --run autoheader'
AUTOMAKE='${SHELL} /home/hadoop/avatar-hadoop/src/native/config/missing --run automake-1.9'
AWK='gawk'
CC='gcc'
CCDEPMODE='depmode=gcc3'
CFLAGS='-g -O2'
CPP='gcc -E'
CPPFLAGS=''
CXX='g++'
CXXCPP='g++ -E'
CXXDEPMODE='depmode=gcc3'
CXXFLAGS='-g -O2'
CYGPATH_W='echo'
DEFS='-DHAVE_CONFIG_H'
DEPDIR='.deps'
ECHO='echo'
ECHO_C=''
ECHO_N='-n'
ECHO_T=''
EGREP='/bin/grep -E'
EXEEXT=''
F77='gfortran'
FFLAGS='-g -O2'
GREP='/bin/grep'
INSTALL_DATA='${INSTALL} -m 644'
INSTALL_PROGRAM='${INSTALL}'
INSTALL_SCRIPT='${INSTALL}'
INSTALL_STRIP_PROGRAM='${SHELL} $(install_sh) -c -s'
JNI_CPPFLAGS=' -I/usr/java/jdk1.6.0_26/include -I/usr/java/jdk1.6.0_26/include/linux'
JNI_LDFLAGS='-L/usr/java/jdk1.6.0_26/jre/lib/amd64/server'
LDFLAGS=''
LIBOBJS=''
LIBS='-ljvm -ldl '
LIBTOOL='$(SHELL) $(top_builddir)/libtool'
LN_S='ln -s'
LTLIBOBJS=''
MAKEINFO='${SHELL} /home/hadoop/avatar-hadoop/src/native/config/missing --run makeinfo'
OBJEXT='o'
PACKAGE='hadoop'
PACKAGE_BUGREPORT=''
PACKAGE_NAME=''
PACKAGE_STRING=''
PACKAGE_TARNAME=''
PACKAGE_VERSION=''
PATH_SEPARATOR=':'
RANLIB='ranlib'
SET_MAKE=''
SHELL='/bin/sh'
STRIP='strip'
VERSION='1.0.0'
ac_ct_CC='gcc'
ac_ct_CXX='g++'
ac_ct_F77='gfortran'
am__fastdepCC_FALSE='#'
am__fastdepCC_TRUE=''
am__fastdepCXX_FALSE='#'
am__fastdepCXX_TRUE=''
am__include='include'
am__leading_dot='.'
am__quote=''
am__tar='${AMTAR} chof - "$$tardir"'
am__untar='${AMTAR} xf -'
bindir='${exec_prefix}/bin'
build='x86_64-unknown-linux-gnu'
build_alias=''
build_cpu='x86_64'
build_os='linux-gnu'
build_vendor='unknown'
datadir='${datarootdir}'
datarootdir='${prefix}/share'
docdir='${datarootdir}/doc/${PACKAGE}'
dvidir='${docdir}'
exec_prefix='${prefix}'
host='x86_64-unknown-linux-gnu'
host_alias=''
host_cpu='x86_64'
host_os='linux-gnu'
host_vendor='unknown'
htmldir='${docdir}'
includedir='${prefix}/include'
infodir='${datarootdir}/info'
install_sh='/home/hadoop/avatar-hadoop/src/native/config/install-sh'
libdir='${exec_prefix}/lib'
libexecdir='${exec_prefix}/libexec'
localedir='${datarootdir}/locale'
localstatedir='${prefix}/var'
mandir='${datarootdir}/man'
mkdir_p='mkdir -p --'
oldincludedir='/usr/include'
pdfdir='${docdir}'
prefix='/usr/local'
program_transform_name='s,x,x,'
psdir='${docdir}'
sbindir='${exec_prefix}/sbin'
sharedstatedir='${prefix}/com'
sysconfdir='${prefix}/etc'
target_alias=''

## ----------- ##
## confdefs.h. ##
## ----------- ##

#define PACKAGE_NAME ""
#define PACKAGE_TARNAME ""
#define PACKAGE_VERSION ""
#define PACKAGE_STRING ""
#define PACKAGE_BUGREPORT ""
#define PACKAGE "hadoop"
#define VERSION "1.0.0"
#define STDC_HEADERS 1
#define HAVE_SYS_TYPES_H 1
#define HAVE_SYS_STAT_H 1
#define HAVE_STDLIB_H 1
#define HAVE_STRING_H 1
#define HAVE_MEMORY_H 1
#define HAVE_STRINGS_H 1
#define HAVE_INTTYPES_H 1
#define HAVE_STDINT_H 1
#define HAVE_UNISTD_H 1
#define HAVE_DLFCN_H 1
#define HAVE_LIBDL 1
#define HAVE_LIBJVM 1
#define STDC_HEADERS 1
#define HAVE_STDIO_H 1
#define HAVE_STDDEF_H 1
#define HAVE_JNI_H 1
#define HAVE_ZLIB_H 1
#define HADOOP_ZLIB_LIBRARY "libz.so.1"
#define HAVE_ZCONF_H 1
#define HADOOP_ZLIB_LIBRARY "libz.so.1"

configure: exit 0
